{
  "stats": {
    "suites": 1,
    "tests": 9,
    "passes": 8,
    "pending": 0,
    "failures": 1,
    "start": "2022-11-24T06:14:59.072Z",
    "end": "2022-11-24T06:14:59.093Z",
    "duration": 21,
    "testsRegistered": 9,
    "passPercent": 88.88888888888889,
    "pendingPercent": 0,
    "other": 0,
    "hasOther": false,
    "skipped": 0,
    "hasSkipped": false
  },
  "results": [
    {
      "uuid": "086ff8fe-5182-4309-b52d-0e76ef90af50",
      "title": "",
      "fullFile": "E:\\5sem\\PO\\Lab7\\UnitTestCalculator\\test\\specs\\MethodAddAndMultiply.spec.js",
      "file": "\\test\\specs\\MethodAddAndMultiply.spec.js",
      "beforeHooks": [],
      "afterHooks": [],
      "tests": [],
      "suites": [
        {
          "uuid": "af55c5b9-6206-4cb1-a26e-170780aacd0a",
          "title": "Methods in calculator",
          "fullFile": "E:\\5sem\\PO\\Lab7\\UnitTestCalculator\\test\\specs\\MethodAddAndMultiply.spec.js",
          "file": "\\test\\specs\\MethodAddAndMultiply.spec.js",
          "beforeHooks": [
            {
              "title": "\"before each\" hook in \"Methods in calculator\"",
              "fullTitle": "Methods in calculator \"before each\" hook in \"Methods in calculator\"",
              "timedOut": false,
              "duration": 0,
              "state": null,
              "speed": null,
              "pass": false,
              "fail": false,
              "pending": false,
              "context": null,
              "code": "calc = new Calculator();",
              "err": {},
              "uuid": "4e00c3af-79cd-4236-b9af-259ffae0fba4",
              "parentUUID": "af55c5b9-6206-4cb1-a26e-170780aacd0a",
              "isHook": true,
              "skipped": false
            }
          ],
          "afterHooks": [
            {
              "title": "\"after each\" hook in \"Methods in calculator\"",
              "fullTitle": "Methods in calculator \"after each\" hook in \"Methods in calculator\"",
              "timedOut": false,
              "duration": 0,
              "state": null,
              "speed": null,
              "pass": false,
              "fail": false,
              "pending": false,
              "context": null,
              "code": "calc = null;",
              "err": {},
              "uuid": "585871ee-b49e-4a0a-83f6-4dfa372b2391",
              "parentUUID": "af55c5b9-6206-4cb1-a26e-170780aacd0a",
              "isHook": true,
              "skipped": false
            }
          ],
          "tests": [
            {
              "title": "Should return 9 when called with numbers 2 and 7",
              "fullTitle": "Methods in calculator Should return 9 when called with numbers 2 and 7",
              "timedOut": false,
              "duration": 0,
              "state": "passed",
              "speed": "fast",
              "pass": true,
              "fail": false,
              "pending": false,
              "context": null,
              "code": "expect(calc.methodAdd(2, 7)).to.be.equal(9);",
              "err": {},
              "uuid": "335d4afe-95d2-4920-a589-9981760dcefd",
              "parentUUID": "af55c5b9-6206-4cb1-a26e-170780aacd0a",
              "isHook": false,
              "skipped": false
            },
            {
              "title": "Should return 10.6 when called with numbers 5.2 and 5.4",
              "fullTitle": "Methods in calculator Should return 10.6 when called with numbers 5.2 and 5.4",
              "timedOut": false,
              "duration": 2,
              "state": "failed",
              "speed": null,
              "pass": false,
              "fail": true,
              "pending": false,
              "context": null,
              "code": "expect(calc.methodAdd(5.2, 5.4)).to.be.equal(10.6);",
              "err": {
                "message": "AssertionError: expected 10.600000000000001 to equal 10.6",
                "estack": "AssertionError: expected 10.600000000000001 to equal 10.6\n    at Context.<anonymous> (test\\specs\\MethodAddAndMultiply.spec.js:19:42)\n    at processImmediate (node:internal/timers:466:21)",
                "diff": "- 10.600000000000001\n+ 10.6\n"
              },
              "uuid": "2b5c3969-c0f9-417d-939b-62d8015f9b4c",
              "parentUUID": "af55c5b9-6206-4cb1-a26e-170780aacd0a",
              "isHook": false,
              "skipped": false
            },
            {
              "title": "Should return 40 when called with numbers 10 and 4",
              "fullTitle": "Methods in calculator Should return 40 when called with numbers 10 and 4",
              "timedOut": false,
              "duration": 0,
              "state": "passed",
              "speed": "fast",
              "pass": true,
              "fail": false,
              "pending": false,
              "context": null,
              "code": "expect(calc.methodMultiply(10, 4)).to.be.equal(40);",
              "err": {},
              "uuid": "3cb5a992-6883-44a1-9f3b-b7a558eaccb6",
              "parentUUID": "af55c5b9-6206-4cb1-a26e-170780aacd0a",
              "isHook": false,
              "skipped": false
            },
            {
              "title": "Should return 30 when called with numbers 6 and 5",
              "fullTitle": "Methods in calculator Should return 30 when called with numbers 6 and 5",
              "timedOut": false,
              "duration": 0,
              "state": "passed",
              "speed": "fast",
              "pass": true,
              "fail": false,
              "pending": false,
              "context": null,
              "code": "expect(calc.methodMultiply(6, 5)).to.be.equal(30);",
              "err": {},
              "uuid": "5756c351-5595-4e2c-8757-c34b84840463",
              "parentUUID": "af55c5b9-6206-4cb1-a26e-170780aacd0a",
              "isHook": false,
              "skipped": false
            },
            {
              "title": "Should return 40 when called with numbers 43.3 and 3.3",
              "fullTitle": "Methods in calculator Should return 40 when called with numbers 43.3 and 3.3",
              "timedOut": false,
              "duration": 0,
              "state": "passed",
              "speed": "fast",
              "pass": true,
              "fail": false,
              "pending": false,
              "context": null,
              "code": "expect(calc.methodSubtraction(43.3, 3.3)).to.be.equal(40);",
              "err": {},
              "uuid": "067f0898-6b44-48e6-a7e6-8d4670812c35",
              "parentUUID": "af55c5b9-6206-4cb1-a26e-170780aacd0a",
              "isHook": false,
              "skipped": false
            },
            {
              "title": "Should return 28 when called with numbers 35 and 7",
              "fullTitle": "Methods in calculator Should return 28 when called with numbers 35 and 7",
              "timedOut": false,
              "duration": 1,
              "state": "passed",
              "speed": "fast",
              "pass": true,
              "fail": false,
              "pending": false,
              "context": null,
              "code": "expect(calc.methodSubtraction(35, 7)).to.be.equal(28);",
              "err": {},
              "uuid": "3024b27c-8c1c-467f-afbc-4c608ec9a074",
              "parentUUID": "af55c5b9-6206-4cb1-a26e-170780aacd0a",
              "isHook": false,
              "skipped": false
            },
            {
              "title": "Should return 6 when called with numbers 36 and 6",
              "fullTitle": "Methods in calculator Should return 6 when called with numbers 36 and 6",
              "timedOut": false,
              "duration": 0,
              "state": "passed",
              "speed": "fast",
              "pass": true,
              "fail": false,
              "pending": false,
              "context": null,
              "code": "expect(calc.methodDivision(36, 6)).to.be.equal(6);",
              "err": {},
              "uuid": "fbfe6e5c-5d06-4184-aed2-9df2b5c20eb5",
              "parentUUID": "af55c5b9-6206-4cb1-a26e-170780aacd0a",
              "isHook": false,
              "skipped": false
            },
            {
              "title": "Should return 4 when called with numbers 24 and 6",
              "fullTitle": "Methods in calculator Should return 4 when called with numbers 24 and 6",
              "timedOut": false,
              "duration": 0,
              "state": "passed",
              "speed": "fast",
              "pass": true,
              "fail": false,
              "pending": false,
              "context": null,
              "code": "expect(calc.methodDivision(24, 6)).to.be.equal(4);",
              "err": {},
              "uuid": "29864676-6da9-420e-ad00-c1b4c275d961",
              "parentUUID": "af55c5b9-6206-4cb1-a26e-170780aacd0a",
              "isHook": false,
              "skipped": false
            },
            {
              "title": "Should return 9 when called with number 3 in degree 2",
              "fullTitle": "Methods in calculator Should return 9 when called with number 3 in degree 2",
              "timedOut": false,
              "duration": 0,
              "state": "passed",
              "speed": "fast",
              "pass": true,
              "fail": false,
              "pending": false,
              "context": null,
              "code": "expect(calc.methodPow(3, 2)).to.be.equal(9);",
              "err": {},
              "uuid": "8c984048-8351-4dcc-990c-3607756d1ea5",
              "parentUUID": "af55c5b9-6206-4cb1-a26e-170780aacd0a",
              "isHook": false,
              "skipped": false
            }
          ],
          "suites": [],
          "passes": [
            "335d4afe-95d2-4920-a589-9981760dcefd",
            "3cb5a992-6883-44a1-9f3b-b7a558eaccb6",
            "5756c351-5595-4e2c-8757-c34b84840463",
            "067f0898-6b44-48e6-a7e6-8d4670812c35",
            "3024b27c-8c1c-467f-afbc-4c608ec9a074",
            "fbfe6e5c-5d06-4184-aed2-9df2b5c20eb5",
            "29864676-6da9-420e-ad00-c1b4c275d961",
            "8c984048-8351-4dcc-990c-3607756d1ea5"
          ],
          "failures": [
            "2b5c3969-c0f9-417d-939b-62d8015f9b4c"
          ],
          "pending": [],
          "skipped": [],
          "duration": 3,
          "root": false,
          "rootEmpty": false,
          "_timeout": 2000
        }
      ],
      "passes": [],
      "failures": [],
      "pending": [],
      "skipped": [],
      "duration": 0,
      "root": true,
      "rootEmpty": true,
      "_timeout": 2000
    }
  ],
  "meta": {
    "mocha": {
      "version": "10.1.0"
    },
    "mochawesome": {
      "options": {
        "quiet": false,
        "reportFilename": "mochawesome",
        "saveHtml": true,
        "saveJson": true,
        "consoleReporter": "spec",
        "useInlineDiffs": false,
        "code": true
      },
      "version": "7.1.3"
    },
    "marge": {
      "options": null,
      "version": "6.2.0"
    }
  }
}